<ShowPlanXML xmlns="http://schemas.microsoft.com/sqlserver/2004/07/showplan" Version="1.564" Build="16.0.4195.2"><BatchSequence><Batch><Statements><StmtSimple StatementText="SELECT &#xa;    P.EnglishProductName AS ProductName,&#xa;    SUM(F.SalesAmount) AS TotalSales&#xa;FROM FactResellerSales AS F&#xa;JOIN DimProduct AS P &#xa;ON P.ProductKey = F.ProductKey&#xa;GROUP BY P.EnglishProductName" StatementId="1" StatementCompId="1" StatementType="SELECT" RetrievedFromCache="true" StatementSubTreeCost="1.84435" StatementEstRows="299.888" SecurityPolicyApplied="false" StatementOptmLevel="FULL" QueryHash="0x3971CD6C12765C73" QueryPlanHash="0xADB5224F303E89F5" CardinalityEstimationModelVersion="150"><StatementSetOptions QUOTED_IDENTIFIER="true" ARITHABORT="true" CONCAT_NULL_YIELDS_NULL="true" ANSI_NULLS="true" ANSI_PADDING="true" ANSI_WARNINGS="true" NUMERIC_ROUNDABORT="false"></StatementSetOptions><QueryPlan DegreeOfParallelism="1" MemoryGrant="1680" CachedPlanSize="56" CompileTime="28" CompileCPU="25" CompileMemory="520"><MemoryGrantInfo SerialRequiredMemory="1536" SerialDesiredMemory="1680" RequiredMemory="1536" DesiredMemory="1680" RequestedMemory="1680" GrantWaitTime="0" MaxQueryMemory="893448" GrantedMemory="1680" MaxUsedMemory="352" LastRequestedMemory="1680" IsMemoryGrantFeedbackAdjusted="No: Accurate Grant"></MemoryGrantInfo><OptimizerHardwareDependentProperties EstimatedAvailableMemoryGrant="64204" EstimatedPagesCached="40128" EstimatedAvailableDegreeOfParallelism="5" MaxCompileMemory="3488728"></OptimizerHardwareDependentProperties><OptimizerStatsUsage><StatisticsInfo LastUpdate="2017-10-27T14:36:32.08" ModificationCount="0" SamplingPercent="100" Statistics="[PK_DimProduct_ProductKey]" Table="[DimProduct]" Schema="[dbo]" Database="[AdventureWorksDW2019]"></StatisticsInfo><StatisticsInfo LastUpdate="2025-10-10T03:30:18.59" ModificationCount="0" SamplingPercent="100" Statistics="[_WA_Sys_00000006_4316F928]" Table="[DimProduct]" Schema="[dbo]" Database="[AdventureWorksDW2019]"></StatisticsInfo><StatisticsInfo LastUpdate="2017-10-27T14:36:32.99" ModificationCount="0" SamplingPercent="100" Statistics="[PK_FactResellerSales_SalesOrderNumber_SalesOrderLineNumber]" Table="[FactResellerSales]" Schema="[dbo]" Database="[AdventureWorksDW2019]"></StatisticsInfo><StatisticsInfo LastUpdate="2025-10-09T15:05:35.18" ModificationCount="0" SamplingPercent="100" Statistics="[IDX_FactResellerSales_CTN]" Table="[FactResellerSales]" Schema="[dbo]" Database="[AdventureWorksDW2019]"></StatisticsInfo><StatisticsInfo LastUpdate="2017-10-27T14:36:33.97" ModificationCount="0" SamplingPercent="72.745" Statistics="[_WA_Sys_00000001_5165187F]" Table="[FactResellerSales]" Schema="[dbo]" Database="[AdventureWorksDW2019]"></StatisticsInfo><StatisticsInfo LastUpdate="2017-10-27T14:36:33.06" ModificationCount="0" SamplingPercent="100" Statistics="[AK_DimProduct_ProductAlternateKey_StartDate]" Table="[DimProduct]" Schema="[dbo]" Database="[AdventureWorksDW2019]"></StatisticsInfo></OptimizerStatsUsage><QueryTimeStats ElapsedTime="29" CpuTime="29"></QueryTimeStats><RelOp NodeId="1" PhysicalOp="Compute Scalar" LogicalOp="Compute Scalar" EstimateRows="299.888" EstimateIO="0" EstimateCPU="2.99888e-05" AvgRowSize="57" EstimatedTotalSubtreeCost="1.84435" Parallel="0" EstimateRebinds="0" EstimateRewinds="0" EstimatedExecutionMode="Row"><OutputList><ColumnReference Database="[AdventureWorksDW2019]" Schema="[dbo]" Table="[DimProduct]" Alias="[P]" Column="EnglishProductName"></ColumnReference><ColumnReference Column="Expr1002"></ColumnReference></OutputList><ComputeScalar><DefinedValues><DefinedValue><ColumnReference Column="Expr1002"></ColumnReference><ScalarOperator ScalarString="CASE WHEN [globalagg1004]=(0) THEN NULL ELSE [globalagg1006] END"><IF><Condition><ScalarOperator><Compare CompareOp="EQ"><ScalarOperator><Identifier><ColumnReference Column="globalagg1004"></ColumnReference></Identifier></ScalarOperator><ScalarOperator><Const ConstValue="(0)"></Const></ScalarOperator></Compare></ScalarOperator></Condition><Then><ScalarOperator><Const ConstValue="NULL"></Const></ScalarOperator></Then><Else><ScalarOperator><Identifier><ColumnReference Column="globalagg1006"></ColumnReference></Identifier></ScalarOperator></Else></IF></ScalarOperator></DefinedValue></DefinedValues><RelOp NodeId="2" PhysicalOp="Stream Aggregate" LogicalOp="Aggregate" EstimateRows="299.888" EstimateIO="0" EstimateCPU="0.000350527" AvgRowSize="65" EstimatedTotalSubtreeCost="1.84432" Parallel="0" EstimateRebinds="0" EstimateRewinds="0" EstimatedExecutionMode="Row"><OutputList><ColumnReference Database="[AdventureWorksDW2019]" Schema="[dbo]" Table="[DimProduct]" Alias="[P]" Column="EnglishProductName"></ColumnReference><ColumnReference Column="globalagg1004"></ColumnReference><ColumnReference Column="globalagg1006"></ColumnReference></OutputList><RunTimeInformation><RunTimeCountersPerThread Thread="0" ActualRows="250" Batches="0" ActualElapsedms="29" ActualCPUms="29" ActualEndOfScans="1" ActualExecutions="1" ActualExecutionMode="Row"></RunTimeCountersPerThread></RunTimeInformation><StreamAggregate><DefinedValues><DefinedValue><ColumnReference Column="globalagg1004"></ColumnReference><ScalarOperator ScalarString="SUM([partialagg1003])"><Aggregate Distinct="0" AggType="SUM"><ScalarOperator><Identifier><ColumnReference Column="partialagg1003"></ColumnReference></Identifier></ScalarOperator></Aggregate></ScalarOperator></DefinedValue><DefinedValue><ColumnReference Column="globalagg1006"></ColumnReference><ScalarOperator ScalarString="SUM([partialagg1005])"><Aggregate Distinct="0" AggType="SUM"><ScalarOperator><Identifier><ColumnReference Column="partialagg1005"></ColumnReference></Identifier></ScalarOperator></Aggregate></ScalarOperator></DefinedValue></DefinedValues><GroupBy><ColumnReference Database="[AdventureWorksDW2019]" Schema="[dbo]" Table="[DimProduct]" Alias="[P]" Column="EnglishProductName"></ColumnReference></GroupBy><RelOp NodeId="3" PhysicalOp="Sort" LogicalOp="Sort" EstimateRows="334.305" EstimateIO="0.0112613" EstimateCPU="0.00447299" AvgRowSize="65" EstimatedTotalSubtreeCost="1.84397" Parallel="0" EstimateRebinds="0" EstimateRewinds="0" EstimatedExecutionMode="Row"><OutputList><ColumnReference Database="[AdventureWorksDW2019]" Schema="[dbo]" Table="[DimProduct]" Alias="[P]" Column="EnglishProductName"></ColumnReference><ColumnReference Column="partialagg1003"></ColumnReference><ColumnReference Column="partialagg1005"></ColumnReference></OutputList><MemoryFractions Input="0.555556" Output="1"></MemoryFractions><RunTimeInformation><RunTimeCountersPerThread Thread="0" ActualRows="334" Batches="0" ActualElapsedms="29" ActualCPUms="29" ActualScans="0" ActualLogicalReads="0" ActualPhysicalReads="0" ActualReadAheads="0" ActualLobLogicalReads="0" ActualLobPhysicalReads="0" ActualLobReadAheads="0" ActualRebinds="1" ActualRewinds="0" ActualEndOfScans="1" ActualExecutions="1" InputMemoryGrant="592" OutputMemoryGrant="272" UsedMemoryGrant="40" ActualExecutionMode="Row"></RunTimeCountersPerThread></RunTimeInformation><Sort Distinct="0"><OrderBy><OrderByColumn Ascending="1"><ColumnReference Database="[AdventureWorksDW2019]" Schema="[dbo]" Table="[DimProduct]" Alias="[P]" Column="EnglishProductName"></ColumnReference></OrderByColumn></OrderBy><RelOp NodeId="4" PhysicalOp="Merge Join" LogicalOp="Inner Join" EstimateRows="334.305" EstimateIO="0" EstimateCPU="0.00760807" AvgRowSize="65" EstimatedTotalSubtreeCost="1.82824" Parallel="0" EstimateRebinds="0" EstimateRewinds="0" EstimatedExecutionMode="Row"><OutputList><ColumnReference Database="[AdventureWorksDW2019]" Schema="[dbo]" Table="[DimProduct]" Alias="[P]" Column="EnglishProductName"></ColumnReference><ColumnReference Column="partialagg1003"></ColumnReference><ColumnReference Column="partialagg1005"></ColumnReference></OutputList><RunTimeInformation><RunTimeCountersPerThread Thread="0" ActualRows="334" Batches="0" ActualElapsedms="28" ActualCPUms="28" ActualScans="0" ActualLogicalReads="0" ActualPhysicalReads="0" ActualReadAheads="0" ActualLobLogicalReads="0" ActualLobPhysicalReads="0" ActualLobReadAheads="0" ActualEndOfScans="1" ActualExecutions="1" ActualExecutionMode="Row"></RunTimeCountersPerThread></RunTimeInformation><Merge ManyToMany="0"><InnerSideJoinColumns><ColumnReference Database="[AdventureWorksDW2019]" Schema="[dbo]" Table="[DimProduct]" Alias="[P]" Column="ProductKey"></ColumnReference></InnerSideJoinColumns><OuterSideJoinColumns><ColumnReference Database="[AdventureWorksDW2019]" Schema="[dbo]" Table="[FactResellerSales]" Alias="[F]" Column="ProductKey"></ColumnReference></OuterSideJoinColumns><Residual><ScalarOperator ScalarString="[AdventureWorksDW2019].[dbo].[FactResellerSales].[ProductKey] as [F].[ProductKey]=[AdventureWorksDW2019].[dbo].[DimProduct].[ProductKey] as [P].[ProductKey]"><Compare CompareOp="EQ"><ScalarOperator><Identifier><ColumnReference Database="[AdventureWorksDW2019]" Schema="[dbo]" Table="[FactResellerSales]" Alias="[F]" Column="ProductKey"></ColumnReference></Identifier></ScalarOperator><ScalarOperator><Identifier><ColumnReference Database="[AdventureWorksDW2019]" Schema="[dbo]" Table="[DimProduct]" Alias="[P]" Column="ProductKey"></ColumnReference></Identifier></ScalarOperator></Compare></ScalarOperator></Residual><RelOp NodeId="5" PhysicalOp="Sort" LogicalOp="Sort" EstimateRows="334.305" EstimateIO="0.0112613" EstimateCPU="0.00447295" AvgRowSize="27" EstimatedTotalSubtreeCost="1.63149" Parallel="0" EstimateRebinds="0" EstimateRewinds="0" EstimatedExecutionMode="Row"><OutputList><ColumnReference Database="[AdventureWorksDW2019]" Schema="[dbo]" Table="[FactResellerSales]" Alias="[F]" Column="ProductKey"></ColumnReference><ColumnReference Column="partialagg1003"></ColumnReference><ColumnReference Column="partialagg1005"></ColumnReference></OutputList><MemoryFractions Input="0.5" Output="0.444444"></MemoryFractions><RunTimeInformation><RunTimeCountersPerThread Thread="0" ActualRows="334" Batches="0" ActualElapsedms="28" ActualCPUms="28" ActualScans="0" ActualLogicalReads="0" ActualPhysicalReads="0" ActualReadAheads="0" ActualLobLogicalReads="0" ActualLobPhysicalReads="0" ActualLobReadAheads="0" ActualRebinds="1" ActualRewinds="0" ActualEndOfScans="1" ActualExecutions="1" InputMemoryGrant="584" OutputMemoryGrant="192" UsedMemoryGrant="32" ActualExecutionMode="Row"></RunTimeCountersPerThread></RunTimeInformation><Sort Distinct="0"><OrderBy><OrderByColumn Ascending="1"><ColumnReference Database="[AdventureWorksDW2019]" Schema="[dbo]" Table="[FactResellerSales]" Alias="[F]" Column="ProductKey"></ColumnReference></OrderByColumn></OrderBy><RelOp NodeId="6" PhysicalOp="Hash Match" LogicalOp="Aggregate" EstimateRows="334.305" EstimateIO="0" EstimateCPU="0.30702" AvgRowSize="27" EstimatedTotalSubtreeCost="1.61576" Parallel="0" EstimateRebinds="0" EstimateRewinds="0" EstimatedExecutionMode="Row"><OutputList><ColumnReference Database="[AdventureWorksDW2019]" Schema="[dbo]" Table="[FactResellerSales]" Alias="[F]" Column="ProductKey"></ColumnReference><ColumnReference Column="partialagg1003"></ColumnReference><ColumnReference Column="partialagg1005"></ColumnReference></OutputList><MemoryFractions Input="1" Output="0.5"></MemoryFractions><RunTimeInformation><RunTimeCountersPerThread Thread="0" ActualRows="334" Batches="0" ActualElapsedms="27" ActualCPUms="27" ActualScans="0" ActualLogicalReads="0" ActualPhysicalReads="0" ActualReadAheads="0" ActualLobLogicalReads="0" ActualLobPhysicalReads="0" ActualLobReadAheads="0" ActualEndOfScans="1" ActualExecutions="1" InputMemoryGrant="1168" OutputMemoryGrant="1096" UsedMemoryGrant="320" ActualExecutionMode="Row"></RunTimeCountersPerThread></RunTimeInformation><Hash><DefinedValues><DefinedValue><ColumnReference Column="partialagg1003"></ColumnReference><ScalarOperator ScalarString="COUNT_BIG([AdventureWorksDW2019].[dbo].[FactResellerSales].[SalesAmount] as [F].[SalesAmount])"><Aggregate Distinct="0" AggType="COUNT_BIG"><ScalarOperator><Identifier><ColumnReference Database="[AdventureWorksDW2019]" Schema="[dbo]" Table="[FactResellerSales]" Alias="[F]" Column="SalesAmount"></ColumnReference></Identifier></ScalarOperator></Aggregate></ScalarOperator></DefinedValue><DefinedValue><ColumnReference Column="partialagg1005"></ColumnReference><ScalarOperator ScalarString="SUM([AdventureWorksDW2019].[dbo].[FactResellerSales].[SalesAmount] as [F].[SalesAmount])"><Aggregate Distinct="0" AggType="SUM"><ScalarOperator><Identifier><ColumnReference Database="[AdventureWorksDW2019]" Schema="[dbo]" Table="[FactResellerSales]" Alias="[F]" Column="SalesAmount"></ColumnReference></Identifier></ScalarOperator></Aggregate></ScalarOperator></DefinedValue></DefinedValues><HashKeysBuild><ColumnReference Database="[AdventureWorksDW2019]" Schema="[dbo]" Table="[FactResellerSales]" Alias="[F]" Column="ProductKey"></ColumnReference></HashKeysBuild><RelOp NodeId="7" PhysicalOp="Clustered Index Scan" LogicalOp="Clustered Index Scan" EstimateRows="60855" EstimatedRowsRead="60855" EstimateIO="1.24164" EstimateCPU="0.0670975" AvgRowSize="19" EstimatedTotalSubtreeCost="1.30874" TableCardinality="60855" Parallel="0" EstimateRebinds="0" EstimateRewinds="0" EstimatedExecutionMode="Row"><OutputList><ColumnReference Database="[AdventureWorksDW2019]" Schema="[dbo]" Table="[FactResellerSales]" Alias="[F]" Column="ProductKey"></ColumnReference><ColumnReference Database="[AdventureWorksDW2019]" Schema="[dbo]" Table="[FactResellerSales]" Alias="[F]" Column="SalesAmount"></ColumnReference></OutputList><RunTimeInformation><RunTimeCountersPerThread Thread="0" ActualRows="60855" Batches="0" ActualElapsedms="15" ActualCPUms="15" ActualScans="1" ActualLogicalReads="1683" ActualPhysicalReads="0" ActualReadAheads="0" ActualLobLogicalReads="0" ActualLobPhysicalReads="0" ActualLobReadAheads="0" ActualRowsRead="60855" ActualEndOfScans="1" ActualExecutions="1" ActualExecutionMode="Row"></RunTimeCountersPerThread></RunTimeInformation><IndexScan Ordered="0" ForcedIndex="0" ForceScan="0" NoExpandHint="0" Storage="RowStore"><DefinedValues><DefinedValue><ColumnReference Database="[AdventureWorksDW2019]" Schema="[dbo]" Table="[FactResellerSales]" Alias="[F]" Column="ProductKey"></ColumnReference></DefinedValue><DefinedValue><ColumnReference Database="[AdventureWorksDW2019]" Schema="[dbo]" Table="[FactResellerSales]" Alias="[F]" Column="SalesAmount"></ColumnReference></DefinedValue></DefinedValues><Object Database="[AdventureWorksDW2019]" Schema="[dbo]" Table="[FactResellerSales]" Index="[PK_FactResellerSales_SalesOrderNumber_SalesOrderLineNumber]" Alias="[F]" IndexKind="Clustered" Storage="RowStore"></Object></IndexScan></RelOp></Hash></RelOp></Sort></RelOp><RelOp NodeId="8" PhysicalOp="Clustered Index Scan" LogicalOp="Clustered Index Scan" EstimateRows="606" EstimatedRowsRead="606" EstimateIO="0.18831" EstimateCPU="0.0008236" AvgRowSize="53" EstimatedTotalSubtreeCost="0.189134" TableCardinality="606" Parallel="0" EstimateRebinds="0" EstimateRewinds="0" EstimatedExecutionMode="Row"><OutputList><ColumnReference Database="[AdventureWorksDW2019]" Schema="[dbo]" Table="[DimProduct]" Alias="[P]" Column="ProductKey"></ColumnReference><ColumnReference Database="[AdventureWorksDW2019]" Schema="[dbo]" Table="[DimProduct]" Alias="[P]" Column="EnglishProductName"></ColumnReference></OutputList><RunTimeInformation><RunTimeCountersPerThread Thread="0" ActualRows="606" Batches="0" ActualElapsedms="0" ActualCPUms="0" ActualScans="1" ActualLogicalReads="253" ActualPhysicalReads="0" ActualReadAheads="0" ActualLobLogicalReads="0" ActualLobPhysicalReads="0" ActualLobReadAheads="0" ActualRowsRead="606" ActualEndOfScans="1" ActualExecutions="1" ActualExecutionMode="Row"></RunTimeCountersPerThread></RunTimeInformation><IndexScan Ordered="1" ScanDirection="FORWARD" ForcedIndex="0" ForceSeek="0" ForceScan="0" NoExpandHint="0" Storage="RowStore"><DefinedValues><DefinedValue><ColumnReference Database="[AdventureWorksDW2019]" Schema="[dbo]" Table="[DimProduct]" Alias="[P]" Column="ProductKey"></ColumnReference></DefinedValue><DefinedValue><ColumnReference Database="[AdventureWorksDW2019]" Schema="[dbo]" Table="[DimProduct]" Alias="[P]" Column="EnglishProductName"></ColumnReference></DefinedValue></DefinedValues><Object Database="[AdventureWorksDW2019]" Schema="[dbo]" Table="[DimProduct]" Index="[PK_DimProduct_ProductKey]" Alias="[P]" IndexKind="Clustered" Storage="RowStore"></Object></IndexScan></RelOp></Merge></RelOp></Sort></RelOp></StreamAggregate></RelOp></ComputeScalar></RelOp></QueryPlan></StmtSimple></Statements></Batch></BatchSequence></ShowPlanXML>